<?xml version="1.0" encoding="UTF-8"?>
<!-- Generated by org.testng.reporters.JUnitReportReporter -->
<testsuite hostname="DESKTOP-LP3SET9" failures="0" tests="1" name="practice.Practice" time="0.013" errors="0" timestamp="2023-03-10T13:02:21 IST" skipped="0">
  <testcase classname="practice.Practice" name="firsttest" time="0.013"/>
  <system-out/>
</testsuite> <!-- practice.Practice -->
